{"/Users/ayo/Documents/school/Winter 2025/SE/Lab/Project/code/old/Frontend/Tranquilify/models/User.js": {"path":"/Users/ayo/Documents/school/Winter 2025/SE/Lab/Project/code/old/Frontend/Tranquilify/models/User.js","statementMap":{"0":{"start":{"line":11,"column":4},"end":{"line":11,"column":17}},"1":{"start":{"line":12,"column":4},"end":{"line":12,"column":29}},"2":{"start":{"line":13,"column":4},"end":{"line":13,"column":21}},"3":{"start":{"line":14,"column":4},"end":{"line":14,"column":31}},"4":{"start":{"line":22,"column":4},"end":{"line":22,"column":37}},"5":{"start":{"line":30,"column":4},"end":{"line":30,"column":54}},"6":{"start":{"line":38,"column":4},"end":{"line":38,"column":51}},"7":{"start":{"line":46,"column":16},"end":{"line":46,"column":26}},"8":{"start":{"line":47,"column":21},"end":{"line":47,"column":51}},"9":{"start":{"line":48,"column":21},"end":{"line":48,"column":64}},"10":{"start":{"line":49,"column":4},"end":{"line":49,"column":20}},"11":{"start":{"line":58,"column":33},"end":{"line":58,"column":77}},"12":{"start":{"line":60,"column":4},"end":{"line":62,"column":5}},"13":{"start":{"line":61,"column":6},"end":{"line":61,"column":32}},"14":{"start":{"line":64,"column":4},"end":{"line":64,"column":16}}},"fnMap":{"0":{"name":"(anonymous_0)","decl":{"start":{"line":10,"column":2},"end":{"line":10,"column":3}},"loc":{"start":{"line":10,"column":67},"end":{"line":15,"column":3}},"line":10},"1":{"name":"(anonymous_1)","decl":{"start":{"line":21,"column":2},"end":{"line":21,"column":3}},"loc":{"start":{"line":21,"column":16},"end":{"line":23,"column":3}},"line":21},"2":{"name":"(anonymous_2)","decl":{"start":{"line":29,"column":2},"end":{"line":29,"column":3}},"loc":{"start":{"line":29,"column":29},"end":{"line":31,"column":3}},"line":29},"3":{"name":"(anonymous_3)","decl":{"start":{"line":37,"column":2},"end":{"line":37,"column":3}},"loc":{"start":{"line":37,"column":13},"end":{"line":39,"column":3}},"line":37},"4":{"name":"(anonymous_4)","decl":{"start":{"line":45,"column":2},"end":{"line":45,"column":3}},"loc":{"start":{"line":45,"column":24},"end":{"line":50,"column":3}},"line":45},"5":{"name":"(anonymous_5)","decl":{"start":{"line":57,"column":2},"end":{"line":57,"column":3}},"loc":{"start":{"line":57,"column":27},"end":{"line":65,"column":3}},"line":57}},"branchMap":{"0":{"loc":{"start":{"line":10,"column":28},"end":{"line":10,"column":41}},"type":"default-arg","locations":[{"start":{"line":10,"column":35},"end":{"line":10,"column":41}}],"line":10},"1":{"loc":{"start":{"line":10,"column":43},"end":{"line":10,"column":65}},"type":"default-arg","locations":[{"start":{"line":10,"column":55},"end":{"line":10,"column":65}}],"line":10},"2":{"loc":{"start":{"line":60,"column":4},"end":{"line":62,"column":5}},"type":"if","locations":[{"start":{"line":60,"column":4},"end":{"line":62,"column":5}},{"start":{},"end":{}}],"line":60}},"s":{"0":8,"1":8,"2":8,"3":8,"4":6,"5":1,"6":1,"7":0,"8":0,"9":0,"10":0,"11":6,"12":6,"13":4,"14":2},"f":{"0":8,"1":6,"2":1,"3":1,"4":0,"5":6},"b":{"0":[1],"1":[6],"2":[4,2]},"_coverageSchema":"1a1c01bbd47fc00a2c39e90264f33305004495a9","hash":"3ef0c69a305d43b14572556074a0cfdfdc7195fb"}
}
